\BOOKMARK [1][-]{section.1}{\376\377\000E\000i\000n\000l\000e\000i\000t\000u\000n\000g}{}% 1
\BOOKMARK [1][-]{section.2}{\376\377\000B\000e\000n\000u\000t\000z\000e\000r\000e\000i\000n\000g\000a\000b\000e\000n}{}% 2
\BOOKMARK [2][-]{subsection.2.1}{\376\377\000D\000a\000r\000s\000t\000e\000l\000l\000u\000n\000g\000\040\000i\000m\000\040\000P\000r\000o\000g\000r\000a\000m\000m}{section.2}% 3
\BOOKMARK [3][-]{subsubsection.2.1.1}{\376\377\000D\000a\000r\000s\000t\000e\000l\000l\000u\000n\000g\000\040\000a\000l\000s\000\040\000S\000t\000r\000i\000n\000g}{subsection.2.1}% 4
\BOOKMARK [3][-]{subsubsection.2.1.2}{\376\377\000D\000a\000r\000s\000t\000e\000l\000l\000u\000n\000g\000\040\000a\000l\000s\000\040\000B\000a\000u\000m}{subsection.2.1}% 5
\BOOKMARK [2][-]{subsection.2.2}{\376\377\000P\000a\000r\000s\000e\000n}{section.2}% 6
\BOOKMARK [1][-]{section.3}{\376\377\000A\000u\000t\000o\000m\000a\000t\000i\000s\000c\000h\000e\000\040\000V\000e\000r\000e\000i\000n\000f\000a\000c\000h\000u\000n\000g}{}% 7
\BOOKMARK [2][-]{subsection.3.1}{\376\377\000T\000r\000a\000n\000s\000f\000o\000r\000m\000a\000t\000i\000o\000n\000e\000n}{section.3}% 8
\BOOKMARK [3][-]{subsubsection.3.1.1}{\376\377\000D\000i\000s\000t\000r\000i\000b\000u\000t\000i\000v\000e\000\040\000T\000r\000a\000n\000s\000f\000o\000r\000m\000a\000t\000i\000o\000n}{subsection.3.1}% 9
\BOOKMARK [3][-]{subsubsection.3.1.2}{\376\377\000A\000s\000s\000o\000z\000i\000a\000t\000i\000v\000e\000\040\000T\000r\000a\000n\000s\000f\000o\000r\000m\000a\000t\000i\000o\000n}{subsection.3.1}% 10
\BOOKMARK [3][-]{subsubsection.3.1.3}{\376\377\000K\000o\000m\000m\000u\000t\000a\000t\000i\000v\000e\000\040\000T\000r\000a\000n\000s\000f\000o\000r\000m\000a\000t\000i\000o\000n}{subsection.3.1}% 11
\BOOKMARK [3][-]{subsubsection.3.1.4}{\376\377\000P\000o\000t\000e\000n\000z\000-\000T\000r\000a\000n\000s\000f\000o\000r\000m\000a\000t\000i\000o\000n\000e\000n}{subsection.3.1}% 12
\BOOKMARK [3][-]{subsubsection.3.1.5}{\376\377\000Q\000u\000o\000t\000i\000e\000n\000t\000e\000n\000-\000T\000r\000a\000n\000s\000f\000o\000r\000m\000a\000t\000i\000o\000n}{subsection.3.1}% 13
\BOOKMARK [3][-]{subsubsection.3.1.6}{\376\377\000D\000i\000f\000f\000e\000r\000e\000n\000z\000e\000n\000-\000T\000r\000a\000n\000s\000f\000o\000r\000m\000a\000t\000i\000o\000n}{subsection.3.1}% 14
\BOOKMARK [3][-]{subsubsection.3.1.7}{\376\377\000I\000d\000e\000n\000t\000i\000t\000\344\000t\000e\000n\000-\000T\000r\000a\000n\000s\000f\000o\000r\000m\000a\000t\000i\000o\000n\000e\000n}{subsection.3.1}% 15
\BOOKMARK [3][-]{subsubsection.3.1.8}{\376\377\000N\000u\000m\000e\000r\000i\000s\000c\000h\000e\000\040\000T\000r\000a\000n\000s\000f\000o\000r\000m\000a\000t\000i\000o\000n\000e\000n}{subsection.3.1}% 16
\BOOKMARK [2][-]{subsection.3.2}{\376\377\000A\000l\000g\000o\000r\000i\000t\000h\000m\000e\000n}{section.3}% 17
\BOOKMARK [3][-]{subsubsection.3.2.1}{\376\377\000V\000e\000r\000e\000i\000n\000f\000a\000c\000h\000u\000n\000g\000\040\000e\000i\000n\000e\000r\000\040\000D\000i\000f\000f\000e\000r\000e\000n\000z}{subsection.3.2}% 18
\BOOKMARK [3][-]{subsubsection.3.2.2}{\376\377\000V\000e\000r\000e\000i\000n\000f\000a\000c\000h\000u\000n\000g\000\040\000e\000i\000n\000e\000r\000\040\000D\000i\000v\000i\000s\000i\000o\000n}{subsection.3.2}% 19
\BOOKMARK [3][-]{subsubsection.3.2.3}{\376\377\000V\000e\000r\000e\000i\000n\000f\000a\000c\000h\000u\000n\000g\000\040\000e\000i\000n\000e\000r\000\040\000P\000o\000t\000e\000n\000z}{subsection.3.2}% 20
\BOOKMARK [3][-]{subsubsection.3.2.4}{\376\377\000V\000e\000r\000e\000i\000n\000f\000a\000c\000h\000u\000n\000g\000\040\000e\000i\000n\000e\000s\000\040\000P\000r\000o\000d\000u\000k\000t\000s}{subsection.3.2}% 21
\BOOKMARK [3][-]{subsubsection.3.2.5}{\376\377\000V\000e\000r\000e\000i\000n\000f\000a\000c\000h\000u\000n\000g\000\040\000e\000i\000n\000e\000r\000\040\000S\000u\000m\000m\000e}{subsection.3.2}% 22
\BOOKMARK [3][-]{subsubsection.3.2.6}{\376\377\000V\000e\000r\000e\000i\000n\000f\000a\000c\000h\000u\000n\000g\000\040\000e\000i\000n\000e\000s\000\040\000A\000u\000s\000d\000r\000u\000c\000k\000s}{subsection.3.2}% 23
\BOOKMARK [1][-]{section.4}{\376\377\000S\000c\000h\000l\000u\000s\000s\000w\000o\000r\000t}{}% 24
