This is pdfTeX, Version 3.141592653-2.6-1.40.24 (MiKTeX 22.1) (preloaded format=pdflatex 2022.8.29)  5 SEP 2022 20:03
entering extended mode
 \write18 enabled.
 file:line:error style messages enabled.
 %&-line parsing enabled.
**/Users/simon/Documents/W-Sem-Arbeit/main.tex
(/Users/simon/Documents/W-Sem-Arbeit/main.tex
LaTeX2e <2022-06-01> patch level 5
L3 programming layer <2022-08-23> (/Users/simon/Library/Application Support/MiKTeX/texmfs/install/tex/latex/base/article.cls
Document Class: article 2021/10/04 v1.4n Standard LaTeX document class
(/Users/simon/Library/Application Support/MiKTeX/texmfs/install/tex/latex/base/size11.clo
File: size11.clo 2021/10/04 v1.4n Standard LaTeX file (size option)
)
\c@part=\count185
\c@section=\count186
\c@subsection=\count187
\c@subsubsection=\count188
\c@paragraph=\count189
\c@subparagraph=\count190
\c@figure=\count191
\c@table=\count192
\abovecaptionskip=\skip47
\belowcaptionskip=\skip48
\bibindent=\dimen138
) (/Users/simon/Library/Application Support/MiKTeX/texmfs/install/tex/latex/base/inputenc.sty
Package: inputenc 2021/02/14 v1.3d Input encoding file
\inpenc@prehook=\toks16
\inpenc@posthook=\toks17
) (/Users/simon/Library/Application Support/MiKTeX/texmfs/install/tex/generic/babel/babel.sty
Package: babel 2022/07/20 3.78 The Babel package
\babel@savecnt=\count193
\U@D=\dimen139
\l@unhyphenated=\language1
 (/Users/simon/Library/Application Support/MiKTeX/texmfs/install/tex/generic/babel/txtbabel.def)
\bbl@readstream=\read2
\bbl@dirlevel=\count194

*************************************
* Local config file bblopts.cfg used
*
(/Users/simon/Library/Application Support/MiKTeX/texmfs/install/tex/latex/arabi/bblopts.cfg
File: bblopts.cfg 2005/09/08 v0.1 add Arabic and Farsi to "declared" options of babel
) (/Users/simon/Library/Application Support/MiKTeX/texmfs/install/tex/latex/babel-german/german.ldf
Language: german 2021/02/27 v2.13 German support for babel (pre-1996 orthography)
 (/Users/simon/Library/Application Support/MiKTeX/texmfs/install/tex/latex/babel-german/germanb.ldf
Language: germanb 2021/02/27 v2.13 German support for babel (pre-1996 orthography)


Package babel Warning: No hyphenation patterns were preloaded for
(babel)                the language 'German (trad. orthography)' into the format.
(babel)                Please, configure your TeX system to add them and
(babel)                rebuild the format. Now I will use the patterns
(babel)                preloaded for \language=0 instead on input line 62.

Package babel Info: Making " an active character on input line 139.
))) (/Users/simon/Library/Application Support/MiKTeX/texmfs/install/tex/generic/babel/locale/de/babel-german.tex
Package babel Info: Importing font and identification data for german
(babel)             from babel-de.ini. Reported on input line 25.
) (/Users/simon/Library/Application Support/MiKTeX/texmfs/install/tex/latex/geometry/geometry.sty
Package: geometry 2020/01/02 v5.9 Page Geometry
 (/Users/simon/Library/Application Support/MiKTeX/texmfs/install/tex/latex/graphics/keyval.sty
Package: keyval 2022/05/29 v1.15 key=value parser (DPC)
\KV@toks@=\toks18
) (/Users/simon/Library/Application Support/MiKTeX/texmfs/install/tex/generic/iftex/ifvtex.sty
Package: ifvtex 2019/10/25 v1.7 ifvtex legacy package. Use iftex instead.
 (/Users/simon/Library/Application Support/MiKTeX/texmfs/install/tex/generic/iftex/iftex.sty
Package: iftex 2022/02/03 v1.0f TeX engine tests
))
\Gm@cnth=\count195
\Gm@cntv=\count196
\c@Gm@tempcnt=\count197
\Gm@bindingoffset=\dimen140
\Gm@wd@mp=\dimen141
\Gm@odd@mp=\dimen142
\Gm@even@mp=\dimen143
\Gm@layoutwidth=\dimen144
\Gm@layoutheight=\dimen145
\Gm@layouthoffset=\dimen146
\Gm@layoutvoffset=\dimen147
\Gm@dimlist=\toks19
 (/Users/simon/Library/Application Support/MiKTeX/texmfs/install/tex/latex/geometry/geometry.cfg)) (/Users/simon/Library/Application Support/MiKTeX/texmfs/install/tex/latex/psnfss/helvet.sty
Package: helvet 2020/03/25 PSNFSS-v9.3 (WaS) 
) (/Users/simon/Library/Application Support/MiKTeX/texmfs/install/tex/latex/base/fontenc.sty
Package: fontenc 2021/04/29 v2.0v Standard LaTeX package
LaTeX Font Info:    Trying to load font information for T1+phv on input line 112.
 (/Users/simon/Library/Application Support/MiKTeX/texmfs/install/tex/latex/psnfss/t1phv.fd
File: t1phv.fd 2020/03/25 scalable font definitions for T1/phv.
)) (/Users/simon/Library/Application Support/MiKTeX/texmfs/install/tex/latex/caption/caption.sty
Package: caption 2022/03/01 v3.6b Customizing captions (AR)
 (/Users/simon/Library/Application Support/MiKTeX/texmfs/install/tex/latex/caption/caption3.sty
Package: caption3 2022/03/17 v2.3b caption3 kernel (AR)
\caption@tempdima=\dimen148
\captionmargin=\dimen149
\caption@leftmargin=\dimen150
\caption@rightmargin=\dimen151
\caption@width=\dimen152
\caption@indent=\dimen153
\caption@parindent=\dimen154
\caption@hangindent=\dimen155
Package caption Info: Standard document class detected.
)
\c@caption@flags=\count198
\c@continuedfloat=\count199
) (/Users/simon/Library/Application Support/MiKTeX/texmfs/install/tex/latex/amsmath/amsmath.sty
Package: amsmath 2022/04/08 v2.17n AMS math features
\@mathmargin=\skip49

For additional information on amsmath, use the `?' option.
(/Users/simon/Library/Application Support/MiKTeX/texmfs/install/tex/latex/amsmath/amstext.sty
Package: amstext 2021/08/26 v2.01 AMS text
 (/Users/simon/Library/Application Support/MiKTeX/texmfs/install/tex/latex/amsmath/amsgen.sty
File: amsgen.sty 1999/11/30 v2.0 generic functions
\@emptytoks=\toks20
\ex@=\dimen156
)) (/Users/simon/Library/Application Support/MiKTeX/texmfs/install/tex/latex/amsmath/amsbsy.sty
Package: amsbsy 1999/11/29 v1.2d Bold Symbols
\pmbraise@=\dimen157
) (/Users/simon/Library/Application Support/MiKTeX/texmfs/install/tex/latex/amsmath/amsopn.sty
Package: amsopn 2022/04/08 v2.04 operator names
)
\inf@bad=\count266
LaTeX Info: Redefining \frac on input line 234.
\uproot@=\count267
\leftroot@=\count268
LaTeX Info: Redefining \overline on input line 399.
LaTeX Info: Redefining \colon on input line 410.
\classnum@=\count269
\DOTSCASE@=\count270
LaTeX Info: Redefining \ldots on input line 496.
LaTeX Info: Redefining \dots on input line 499.
LaTeX Info: Redefining \cdots on input line 620.
\Mathstrutbox@=\box51
\strutbox@=\box52
LaTeX Info: Redefining \big on input line 722.
LaTeX Info: Redefining \Big on input line 723.
LaTeX Info: Redefining \bigg on input line 724.
LaTeX Info: Redefining \Bigg on input line 725.
\big@size=\dimen158
LaTeX Font Info:    Redeclaring font encoding OML on input line 743.
LaTeX Font Info:    Redeclaring font encoding OMS on input line 744.
\macc@depth=\count271
LaTeX Info: Redefining \bmod on input line 905.
LaTeX Info: Redefining \pmod on input line 910.
LaTeX Info: Redefining \smash on input line 940.
LaTeX Info: Redefining \relbar on input line 970.
LaTeX Info: Redefining \Relbar on input line 971.
\c@MaxMatrixCols=\count272
\dotsspace@=\muskip16
\c@parentequation=\count273
\dspbrk@lvl=\count274
\tag@help=\toks21
\row@=\count275
\column@=\count276
\maxfields@=\count277
\andhelp@=\toks22
\eqnshift@=\dimen159
\alignsep@=\dimen160
\tagshift@=\dimen161
\tagwidth@=\dimen162
\totwidth@=\dimen163
\lineht@=\dimen164
\@envbody=\toks23
\multlinegap=\skip50
\multlinetaggap=\skip51
\mathdisplay@stack=\toks24
LaTeX Info: Redefining \[ on input line 2953.
LaTeX Info: Redefining \] on input line 2954.
) (/Users/simon/Library/Application Support/MiKTeX/texmfs/install/tex/latex/amscls/amsthm.sty
Package: amsthm 2020/05/29 v2.20.6
\thm@style=\toks25
\thm@bodyfont=\toks26
\thm@headfont=\toks27
\thm@notefont=\toks28
\thm@headpunct=\toks29
\thm@preskip=\skip52
\thm@postskip=\skip53
\thm@headsep=\skip54
\dth@everypar=\toks30
) (/Users/simon/Library/Application Support/MiKTeX/texmfs/install/tex/latex/graphics/graphicx.sty
Package: graphicx 2021/09/16 v1.2d Enhanced LaTeX Graphics (DPC,SPQR)
 (/Users/simon/Library/Application Support/MiKTeX/texmfs/install/tex/latex/graphics/graphics.sty
Package: graphics 2022/03/10 v1.4e Standard LaTeX Graphics (DPC,SPQR)
 (/Users/simon/Library/Application Support/MiKTeX/texmfs/install/tex/latex/graphics/trig.sty
Package: trig 2021/08/11 v1.11 sin cos tan (DPC)
) (/Users/simon/Library/Application Support/MiKTeX/texmfs/install/tex/latex/graphics-cfg/graphics.cfg
File: graphics.cfg 2016/06/04 v1.11 sample graphics configuration
)
Package graphics Info: Driver file: pdftex.def on input line 107.
 (/Users/simon/Library/Application Support/MiKTeX/texmfs/install/tex/latex/graphics-def/pdftex.def
File: pdftex.def 2020/10/05 v1.2a Graphics/color driver for pdftex
))
\Gin@req@height=\dimen165
\Gin@req@width=\dimen166
) (/Users/simon/Library/Application Support/MiKTeX/texmfs/install/tex/latex/hyperref/hyperref.sty
Package: hyperref 2022-06-20 v7.00s Hypertext links for LaTeX
 (/Users/simon/Library/Application Support/MiKTeX/texmfs/install/tex/generic/ltxcmds/ltxcmds.sty
Package: ltxcmds 2020-05-10 v1.25 LaTeX kernel commands for general use (HO)
) (/Users/simon/Library/Application Support/MiKTeX/texmfs/install/tex/generic/pdftexcmds/pdftexcmds.sty
Package: pdftexcmds 2020-06-27 v0.33 Utility functions of pdfTeX for LuaTeX (HO)
 (/Users/simon/Library/Application Support/MiKTeX/texmfs/install/tex/generic/infwarerr/infwarerr.sty
Package: infwarerr 2019/12/03 v1.5 Providing info/warning/error messages (HO)
)
Package pdftexcmds Info: \pdf@primitive is available.
Package pdftexcmds Info: \pdf@ifprimitive is available.
Package pdftexcmds Info: \pdfdraftmode found.
) (/Users/simon/Library/Application Support/MiKTeX/texmfs/install/tex/generic/kvsetkeys/kvsetkeys.sty
Package: kvsetkeys 2019/12/15 v1.18 Key value parser (HO)
) (/Users/simon/Library/Application Support/MiKTeX/texmfs/install/tex/generic/kvdefinekeys/kvdefinekeys.sty
Package: kvdefinekeys 2019-12-19 v1.6 Define keys (HO)
) (/Users/simon/Library/Application Support/MiKTeX/texmfs/install/tex/generic/pdfescape/pdfescape.sty
Package: pdfescape 2019/12/09 v1.15 Implements pdfTeX's escape features (HO)
) (/Users/simon/Library/Application Support/MiKTeX/texmfs/install/tex/latex/hycolor/hycolor.sty
Package: hycolor 2020-01-27 v1.10 Color options for hyperref/bookmark (HO)
) (/Users/simon/Library/Application Support/MiKTeX/texmfs/install/tex/latex/letltxmacro/letltxmacro.sty
Package: letltxmacro 2019/12/03 v1.6 Let assignment for LaTeX macros (HO)
) (/Users/simon/Library/Application Support/MiKTeX/texmfs/install/tex/latex/auxhook/auxhook.sty
Package: auxhook 2019-12-17 v1.6 Hooks for auxiliary files (HO)
) (/Users/simon/Library/Application Support/MiKTeX/texmfs/install/tex/latex/hyperref/nameref.sty
Package: nameref 2022-05-17 v2.50 Cross-referencing by name of section
 (/Users/simon/Library/Application Support/MiKTeX/texmfs/install/tex/latex/refcount/refcount.sty
Package: refcount 2019/12/15 v3.6 Data extraction from label references (HO)
) (/Users/simon/Library/Application Support/MiKTeX/texmfs/install/tex/generic/gettitlestring/gettitlestring.sty
Package: gettitlestring 2019/12/15 v1.6 Cleanup title references (HO)
 (/Users/simon/Library/Application Support/MiKTeX/texmfs/install/tex/latex/kvoptions/kvoptions.sty
Package: kvoptions 2022-06-15 v3.15 Key value format for package options (HO)
))
\c@section@level=\count278
)
\@linkdim=\dimen167
\Hy@linkcounter=\count279
\Hy@pagecounter=\count280
 (/Users/simon/Library/Application Support/MiKTeX/texmfs/install/tex/latex/hyperref/pd1enc.def
File: pd1enc.def 2022-06-20 v7.00s Hyperref: PDFDocEncoding definition (HO)
Now handling font encoding PD1 ...
... no UTF-8 mapping file for font encoding PD1
) (/Users/simon/Library/Application Support/MiKTeX/texmfs/install/tex/generic/intcalc/intcalc.sty
Package: intcalc 2019/12/15 v1.3 Expandable calculations with integers (HO)
) (/Users/simon/Library/Application Support/MiKTeX/texmfs/install/tex/generic/etexcmds/etexcmds.sty
Package: etexcmds 2019/12/15 v1.7 Avoid name clashes with e-TeX commands (HO)
)
\Hy@SavedSpaceFactor=\count281
 (/Users/simon/Library/Application Support/MiKTeX/texmfs/install/tex/latex/hyperref/puenc.def
File: puenc.def 2022-06-20 v7.00s Hyperref: PDF Unicode definition (HO)
Now handling font encoding PU ...
... no UTF-8 mapping file for font encoding PU
)
Package hyperref Info: Option `colorlinks' set `true' on input line 4045.
Package hyperref Info: Hyper figures OFF on input line 4162.
Package hyperref Info: Link nesting OFF on input line 4167.
Package hyperref Info: Hyper index ON on input line 4170.
Package hyperref Info: Plain pages OFF on input line 4177.
Package hyperref Info: Backreferencing OFF on input line 4182.
Package hyperref Info: Implicit mode ON; LaTeX internals redefined.
Package hyperref Info: Bookmarks ON on input line 4408.
\c@Hy@tempcnt=\count282
 (/Users/simon/Library/Application Support/MiKTeX/texmfs/install/tex/latex/url/url.sty
\Urlmuskip=\muskip17
Package: url 2013/09/16  ver 3.4  Verb mode for urls, etc.
)
LaTeX Info: Redefining \url on input line 4746.
\XeTeXLinkMargin=\dimen168
 (/Users/simon/Library/Application Support/MiKTeX/texmfs/install/tex/generic/bitset/bitset.sty
Package: bitset 2019/12/09 v1.3 Handle bit-vector datatype (HO)
 (/Users/simon/Library/Application Support/MiKTeX/texmfs/install/tex/generic/bigintcalc/bigintcalc.sty
Package: bigintcalc 2019/12/15 v1.5 Expandable calculations on big integers (HO)
))
\Fld@menulength=\count283
\Field@Width=\dimen169
\Fld@charsize=\dimen170
Package hyperref Info: Hyper figures OFF on input line 6024.
Package hyperref Info: Link nesting OFF on input line 6029.
Package hyperref Info: Hyper index ON on input line 6032.
Package hyperref Info: backreferencing OFF on input line 6039.
Package hyperref Info: Link coloring ON on input line 6042.
Package hyperref Info: Link coloring with OCG OFF on input line 6049.
Package hyperref Info: PDF/A mode OFF on input line 6054.
 (/Users/simon/Library/Application Support/MiKTeX/texmfs/install/tex/latex/base/atbegshi-ltx.sty
Package: atbegshi-ltx 2021/01/10 v1.0c Emulation of the original atbegshi
package with kernel methods
)
\Hy@abspage=\count284
\c@Item=\count285
\c@Hfootnote=\count286
)
Package hyperref Info: Driver (autodetected): hpdftex.
 (/Users/simon/Library/Application Support/MiKTeX/texmfs/install/tex/latex/hyperref/hpdftex.def
File: hpdftex.def 2022-06-20 v7.00s Hyperref driver for pdfTeX
 (/Users/simon/Library/Application Support/MiKTeX/texmfs/install/tex/latex/base/atveryend-ltx.sty
Package: atveryend-ltx 2020/08/19 v1.0a Emulation of the original atveryend package
with kernel methods
)
\Fld@listcount=\count287
\c@bookmark@seq@number=\count288
 (/Users/simon/Library/Application Support/MiKTeX/texmfs/install/tex/latex/rerunfilecheck/rerunfilecheck.sty
Package: rerunfilecheck 2022-07-10 v1.10 Rerun checks for auxiliary files (HO)
 (/Users/simon/Library/Application Support/MiKTeX/texmfs/install/tex/generic/uniquecounter/uniquecounter.sty
Package: uniquecounter 2019/12/15 v1.4 Provide unlimited unique counter (HO)
)
Package uniquecounter Info: New unique counter `rerunfilecheck' on input line 285.
)
\Hy@SectionHShift=\skip55
) (/Users/simon/Library/Application Support/MiKTeX/texmfs/install/tex/latex/minted/minted.sty
Package: minted 2021/12/24 v2.6 Yet another Pygments shim for LaTeX
 (/Users/simon/Library/Application Support/MiKTeX/texmfs/install/tex/latex/fvextra/fvextra.sty
Package: fvextra 2019/02/04 v1.4 fvextra - extensions and patches for fancyvrb
 (/Users/simon/Library/Application Support/MiKTeX/texmfs/install/tex/latex/base/ifthen.sty
Package: ifthen 2022/04/13 v1.1d Standard LaTeX ifthen package (DPC)
) (/Users/simon/Library/Application Support/MiKTeX/texmfs/install/tex/latex/etoolbox/etoolbox.sty
Package: etoolbox 2020/10/05 v2.5k e-TeX tools for LaTeX (JAW)
\etb@tempcnta=\count289
) (/Users/simon/Library/Application Support/MiKTeX/texmfs/install/tex/latex/fancyvrb/fancyvrb.sty
Package: fancyvrb 2022/06/06 4.5 verbatim text (tvz,hv)
\FV@CodeLineNo=\count290
\FV@InFile=\read3
\FV@TabBox=\box53
\c@FancyVerbLine=\count291
\FV@StepNumber=\count292
\FV@OutFile=\write3
) (/Users/simon/Library/Application Support/MiKTeX/texmfs/install/tex/latex/upquote/upquote.sty
Package: upquote 2012/04/19 v1.3 upright-quote and grave-accent glyphs in verbatim
 (/Users/simon/Library/Application Support/MiKTeX/texmfs/install/tex/latex/base/textcomp.sty
Package: textcomp 2020/02/02 v2.0n Standard LaTeX package
)) (/Users/simon/Library/Application Support/MiKTeX/texmfs/install/tex/latex/lineno/lineno.sty
Package: lineno 2005/11/02 line numbers on paragraphs v4.41
\linenopenalty=\count293
\output=\toks31
\linenoprevgraf=\count294
\linenumbersep=\dimen171
\linenumberwidth=\dimen172
\c@linenumber=\count295
\c@pagewiselinenumber=\count296
\c@LN@truepage=\count297
\c@internallinenumber=\count298
\c@internallinenumbers=\count299
\quotelinenumbersep=\dimen173
\bframerule=\dimen174
\bframesep=\dimen175
\bframebox=\box54
LaTeX Info: Redefining \\ on input line 3056.
)
\c@FV@TrueTabGroupLevel=\count300
\c@FV@TrueTabCounter=\count301
\FV@TabBox@Group=\box55
\FV@TmpLength=\skip56
\c@FV@HighlightLinesStart=\count302
\c@FV@HighlightLinesStop=\count303
\FV@LoopCount=\count304
\FV@NCharsBox=\box56
\FV@BreakIndent=\dimen176
\FV@BreakIndentNChars=\count305
\FV@BreakSymbolSepLeft=\dimen177
\FV@BreakSymbolSepLeftNChars=\count306
\FV@BreakSymbolSepRight=\dimen178
\FV@BreakSymbolSepRightNChars=\count307
\FV@BreakSymbolIndentLeft=\dimen179
\FV@BreakSymbolIndentLeftNChars=\count308
\FV@BreakSymbolIndentRight=\dimen180
\FV@BreakSymbolIndentRightNChars=\count309
\c@FancyVerbLineBreakLast=\count310
\FV@LineBox=\box57
\FV@LineIndentBox=\box58
\FV@LineWidth=\dimen181
) (/Users/simon/Library/Application Support/MiKTeX/texmfs/install/tex/latex/tools/calc.sty
Package: calc 2017/05/25 v4.3 Infix arithmetic (KKT,FJ)
\calc@Acount=\count311
\calc@Bcount=\count312
\calc@Adimen=\dimen182
\calc@Bdimen=\dimen183
\calc@Askip=\skip57
\calc@Bskip=\skip58
LaTeX Info: Redefining \setlength on input line 80.
LaTeX Info: Redefining \addtolength on input line 81.
\calc@Ccount=\count313
\calc@Cskip=\skip59
) (/Users/simon/Library/Application Support/MiKTeX/texmfs/install/tex/latex/tools/shellesc.sty
Package: shellesc 2019/11/08 v1.0c unified shell escape interface for LaTeX
Package shellesc Info: Unrestricted shell escape enabled on input line 75.
) (/Users/simon/Library/Application Support/MiKTeX/texmfs/install/tex/latex/ifplatform/ifplatform.sty
Package: ifplatform 2017/10/13 v0.4a Testing for the operating system
 (/Users/simon/Library/Application Support/MiKTeX/texmfs/install/tex/generic/catchfile/catchfile.sty
Package: catchfile 2019/12/09 v1.8 Catch the contents of a file (HO)
) (/Users/simon/Library/Application Support/MiKTeX/texmfs/install/tex/generic/iftex/ifluatex.sty
Package: ifluatex 2019/10/25 v1.5 ifluatex legacy package. Use iftex instead.
)
runsystem(uname -s > "main.w18")...executed.

 (main.w18)
runsystem(rm -- "main.w18")...executed.

) (/Users/simon/Library/Application Support/MiKTeX/texmfs/install/tex/latex/xstring/xstring.sty (/Users/simon/Library/Application Support/MiKTeX/texmfs/install/tex/generic/xstring/xstring.tex
\integerpart=\count314
\decimalpart=\count315
)
Package: xstring 2021/07/21 v1.84 String manipulations (CT)
) (/Users/simon/Library/Application Support/MiKTeX/texmfs/install/tex/latex/framed/framed.sty
Package: framed 2011/10/22 v 0.96: framed or shaded text with page breaks
\OuterFrameSep=\skip60
\fb@frw=\dimen184
\fb@frh=\dimen185
\FrameRule=\dimen186
\FrameSep=\dimen187
) (/Users/simon/Library/Application Support/MiKTeX/texmfs/install/tex/latex/float/float.sty
Package: float 2001/11/08 v1.3d Float enhancements (AL)
\c@float@type=\count316
\float@exts=\toks32
\float@box=\box59
\@float@everytoks=\toks33
\@floatcapt=\box60
)
\minted@appexistsfile=\read4
\minted@bgbox=\box61
\minted@code=\write4
\c@minted@FancyVerbLineTemp=\count317
\c@minted@pygmentizecounter=\count318
\@float@every@listing=\toks34
\c@listing=\count319
)
runsystem(mkdir -p _minted-main)...executed.

\c@defin=\count320
\c@example=\count321
 (/Users/simon/Library/Application Support/MiKTeX/texmfs/install/tex/latex/xcolor/xcolor.sty
Package: xcolor 2022/06/12 v2.14 LaTeX color extensions (UK)
 (/Users/simon/Library/Application Support/MiKTeX/texmfs/install/tex/latex/graphics-cfg/color.cfg
File: color.cfg 2016/01/02 v1.6 sample color configuration
)
Package xcolor Info: Driver file: pdftex.def on input line 227.
 (/Users/simon/Library/Application Support/MiKTeX/texmfs/install/tex/latex-dev/graphics/mathcolor.ltx)
Package xcolor Info: Model `cmy' substituted by `cmy0' on input line 1353.
Package xcolor Info: Model `hsb' substituted by `rgb' on input line 1357.
Package xcolor Info: Model `RGB' extended on input line 1369.
Package xcolor Info: Model `HTML' substituted by `rgb' on input line 1371.
Package xcolor Info: Model `Hsb' substituted by `hsb' on input line 1372.
Package xcolor Info: Model `tHsb' substituted by `hsb' on input line 1373.
Package xcolor Info: Model `HSB' substituted by `hsb' on input line 1374.
Package xcolor Info: Model `Gray' substituted by `gray' on input line 1375.
Package xcolor Info: Model `wave' substituted by `hsb' on input line 1376.
)
runsystem(which pygmentize && touch main.aex)...executed.

runsystem(rm main.aex)...executed.

 (/Users/simon/Library/Application Support/MiKTeX/texmfs/install/tex/latex/l3backend/l3backend-pdftex.def
File: l3backend-pdftex.def 2022-08-23 L3 backend support: PDF output (pdfTeX)
\l__color_backend_stack_int=\count322
\l__pdf_internal_box=\box62
) (main.aux)
\openout1 = `main.aux'.

LaTeX Font Info:    Checking defaults for OML/cmm/m/it on input line 57.
LaTeX Font Info:    ... okay on input line 57.
LaTeX Font Info:    Checking defaults for OMS/cmsy/m/n on input line 57.
LaTeX Font Info:    ... okay on input line 57.
LaTeX Font Info:    Checking defaults for OT1/cmr/m/n on input line 57.
LaTeX Font Info:    ... okay on input line 57.
LaTeX Font Info:    Checking defaults for T1/cmr/m/n on input line 57.
LaTeX Font Info:    ... okay on input line 57.
LaTeX Font Info:    Checking defaults for TS1/cmr/m/n on input line 57.
LaTeX Font Info:    ... okay on input line 57.
LaTeX Font Info:    Checking defaults for OMX/cmex/m/n on input line 57.
LaTeX Font Info:    ... okay on input line 57.
LaTeX Font Info:    Checking defaults for U/cmr/m/n on input line 57.
LaTeX Font Info:    ... okay on input line 57.
LaTeX Font Info:    Checking defaults for PD1/pdf/m/n on input line 57.
LaTeX Font Info:    ... okay on input line 57.
LaTeX Font Info:    Checking defaults for PU/pdf/m/n on input line 57.
LaTeX Font Info:    ... okay on input line 57.

*geometry* driver: auto-detecting
*geometry* detected driver: pdftex
*geometry* verbose mode - [ preamble ] result:
* driver: pdftex
* paper: a4paper
* layout: <same size as paper>
* layoutoffset:(h,v)=(0.0pt,0.0pt)
* modes: 
* h-part:(L,W,R)=(85.35826pt, 441.01773pt, 71.13188pt)
* v-part:(T,H,B)=(71.13188pt, 702.78308pt, 71.13188pt)
* \paperwidth=597.50787pt
* \paperheight=845.04684pt
* \textwidth=441.01773pt
* \textheight=702.78308pt
* \oddsidemargin=13.08827pt
* \evensidemargin=13.08827pt
* \topmargin=-38.1381pt
* \headheight=12.0pt
* \headsep=25.0pt
* \topskip=11.0pt
* \footskip=30.0pt
* \marginparwidth=59.0pt
* \marginparsep=10.0pt
* \columnsep=10.0pt
* \skip\footins=10.0pt plus 4.0pt minus 2.0pt
* \hoffset=0.0pt
* \voffset=0.0pt
* \mag=1000
* \@twocolumnfalse
* \@twosidefalse
* \@mparswitchfalse
* \@reversemarginfalse
* (1in=72.27pt=25.4mm, 1cm=28.453pt)

Package caption Info: Begin \AtBeginDocument code.
Package caption Info: float package is loaded.
Package caption Info: hyperref package is loaded.
Package caption Info: End \AtBeginDocument code.
(/Users/simon/Library/Application Support/MiKTeX/texmfs/install/tex/context/base/mkii/supp-pdf.mkii
[Loading MPS to PDF converter (version 2006.09.02).]
\scratchcounter=\count323
\scratchdimen=\dimen188
\scratchbox=\box63
\nofMPsegments=\count324
\nofMParguments=\count325
\everyMPshowfont=\toks35
\MPscratchCnt=\count326
\MPscratchDim=\dimen189
\MPnumerator=\count327
\makeMPintoPDFobject=\count328
\everyMPtoPDFconversion=\toks36
) (/Users/simon/Library/Application Support/MiKTeX/texmfs/install/tex/latex/epstopdf-pkg/epstopdf-base.sty
Package: epstopdf-base 2020-01-24 v2.11 Base part for package epstopdf
Package epstopdf-base Info: Redefining graphics rule for `.eps' on input line 485.
 (/Users/simon/Library/Application Support/MiKTeX/texmfs/install/tex/latex/00miktex/epstopdf-sys.cfg
File: epstopdf-sys.cfg 2021/03/18 v2.0 Configuration of epstopdf for MiKTeX
))
Package hyperref Info: Link coloring ON on input line 57.
 (main.out) (main.out)
\@outlinefile=\write5
\openout5 = `main.out'.

 (main.toc)
\tf@toc=\write6
\openout6 = `main.toc'.



LaTeX Warning: `h' float specifier changed to `ht'.

[1

{/Users/simon/Library/Application Support/MiKTeX/texmfs/data/fonts/map/pdftex/pdftex.map}]
LaTeX Font Info:    Font shape `T1/phv/m/it' in size <10.95> not available
(Font)              Font shape `T1/phv/m/sl' tried instead on input line 93.
LaTeX Font Info:    Font shape `T1/phv/b/it' in size <10.95> not available
(Font)              Font shape `T1/phv/b/sl' tried instead on input line 100.
 [2]
<./images//trees/beispiel_1_baum.png, id=131, 260.47313pt x 225.84375pt>
File: ./images//trees/beispiel_1_baum.png Graphic file (type png)
<use ./images//trees/beispiel_1_baum.png>
Package pdftex.def Info: ./images//trees/beispiel_1_baum.png  used on input line 150.
(pdftex.def)             Requested size: 130.23624pt x 112.92159pt.
<./images//UML_Ausdruecke.png, id=136, 1761.58125pt x 725.71124pt>
File: ./images//UML_Ausdruecke.png Graphic file (type png)
<use ./images//UML_Ausdruecke.png>
Package pdftex.def Info: ./images//UML_Ausdruecke.png  used on input line 167.
(pdftex.def)             Requested size: 440.39424pt x 181.42737pt.


LaTeX Warning: `h' float specifier changed to `ht'.

[3 <./images//trees/beispiel_1_baum.png>]
<./images//trees/beispiel_baum_frac.png, id=148, 213.79875pt x 146.04562pt>
File: ./images//trees/beispiel_baum_frac.png Graphic file (type png)
<use ./images//trees/beispiel_baum_frac.png>
Package pdftex.def Info: ./images//trees/beispiel_baum_frac.png  used on input line 187.
(pdftex.def)             Requested size: 106.89911pt x 73.02261pt.
 [4 <./images//UML_Ausdruecke.png> <./images//trees/beispiel_baum_frac.png>]
\openout3 = `main.pyg'.

 (_minted-main/default.pygstyle) (_minted-main/45102705847F0B4574C8D666A0626EBAA2EE5F176BE558B4ABB2D2EEF65E0D38.pygtex
LaTeX Font Info:    Trying to load font information for T1+cmtt on input line 1.
 (/Users/simon/Library/Application Support/MiKTeX/texmfs/install/tex/latex/base/t1cmtt.fd
File: t1cmtt.fd 2019/12/16 v2.5j Standard LaTeX font definitions
)
LaTeX Font Info:    Font shape `T1/cmtt/bx/n' in size <10.95> not available
(Font)              Font shape `T1/cmtt/m/n' tried instead on input line 2.
)
Underfull \hbox (badness 10000) in paragraph at lines 253--262

 []

[5]
<./images//trees/beispiel_bnf_1.png, id=174, 207.02344pt x 143.78719pt>
File: ./images//trees/beispiel_bnf_1.png Graphic file (type png)
<use ./images//trees/beispiel_bnf_1.png>
Package pdftex.def Info: ./images//trees/beispiel_bnf_1.png  used on input line 280.
(pdftex.def)             Requested size: 103.51146pt x 71.89342pt.
\openout3 = `main.pyg'.

 (_minted-main/984B5D46BA75DB52FE1E0DB5EEABC415A2EE5F176BE558B4ABB2D2EEF65E0D38.pygtex)
<./images//trees/beispiel_bnf_2_1.png, id=177, 250.68657pt x 224.33812pt>
File: ./images//trees/beispiel_bnf_2_1.png Graphic file (type png)
<use ./images//trees/beispiel_bnf_2_1.png>
Package pdftex.def Info: ./images//trees/beispiel_bnf_2_1.png  used on input line 309.
(pdftex.def)             Requested size: 125.34297pt x 112.16878pt.
<./images//trees/beispiel_bnf_2_2.png, id=178, 259.7203pt x 224.33812pt>
File: ./images//trees/beispiel_bnf_2_2.png Graphic file (type png)
<use ./images//trees/beispiel_bnf_2_2.png>
Package pdftex.def Info: ./images//trees/beispiel_bnf_2_2.png  used on input line 314.
(pdftex.def)             Requested size: 129.85983pt x 112.16878pt.

Overfull \hbox (2.3214pt too wide) in paragraph at lines 307--317
[]$[]$ $[]$ 
 []


LaTeX Warning: `h' float specifier changed to `ht'.

\openout3 = `main.pyg'.

(_minted-main/A5D56AE98A92CDBC2D53D11F4DDD6462A2EE5F176BE558B4ABB2D2EEF65E0D38.pygtex [6 <./images//trees/beispiel_bnf_1.png>])
<./images//trees/beispiel_bnf_3_1.png, id=188, 259.7203pt x 219.06844pt>
File: ./images//trees/beispiel_bnf_3_1.png Graphic file (type png)
<use ./images//trees/beispiel_bnf_3_1.png>
Package pdftex.def Info: ./images//trees/beispiel_bnf_3_1.png  used on input line 343.
(pdftex.def)             Requested size: 129.85983pt x 109.53394pt.
<./images//trees/beispiel_bnf_3_2.png, id=189, 255.20343pt x 225.84375pt>
File: ./images//trees/beispiel_bnf_3_2.png Graphic file (type png)
<use ./images//trees/beispiel_bnf_3_2.png>
Package pdftex.def Info: ./images//trees/beispiel_bnf_3_2.png  used on input line 348.
(pdftex.def)             Requested size: 127.6014pt x 112.92159pt.

Overfull \hbox (2.3214pt too wide) in paragraph at lines 341--351
[]$[]$ $[]$ 
 []

\openout3 = `main.pyg'.

(_minted-main/7F5D752D7AC29B40B51E82A7BE81AA32A2EE5F176BE558B4ABB2D2EEF65E0D38.pygtex)
Overfull \hbox (4.69914pt too wide) in paragraph at lines 372--381
\T1/phv/m/n/10.95 werden, dass zum Beispiel der Term $\OT1/cmr/m/n/10.95 3\OML/cmm/m/it/10.95 x$ \T1/phv/m/n/10.95 als $\OT1/cmr/m/n/10.95 3 \OMS/cmsy/m/n/10.95 ^^C \OML/cmm/m/it/10.95 x$ \T1/phv/m/n/10.95 geschrieben werden muss) in das Eingabefeld
 []


Overfull \hbox (0.22227pt too wide) in paragraph at lines 372--381
\T1/phv/m/n/10.95 eingeben und der Knopf ^^RCalculate^^P gedr^^fcckt werden. Der vom Algorithmus generierte Baum
 []

[7 <./images//trees/beispiel_bnf_2_1.png> <./images//trees/beispiel_bnf_2_2.png> <./images//trees/beispiel_bnf_3_1.png> <./images//trees/beispiel_bnf_3_2.png>]
Overfull \hbox (12.69133pt too wide) in paragraph at lines 391--393
\T1/phv/m/sl/10.95 verschiedene M^^f6glichkeiten diesen niederzuschreiben ohne, dass sich sein Ergebnis ver^^e4ndert 
 []


Overfull \hbox (13.72388pt too wide) in paragraph at lines 403--407
\T1/phv/m/n/10.95 gleich angesehen werden. Ohne eine Vereinheitlichung k^^f6nnten die Terme also nicht verglichen
 []

[8]
Overfull \hbox (4.8188pt too wide) in paragraph at lines 422--425
\T1/phv/m/sl/10.95 ist es m^^f6glich, dass Plus n viele Operanden haben kann) von denen maximal 1 Operand
 []


Overfull \hbox (3.41684pt too wide) in paragraph at lines 430--431
[]\T1/phv/m/sl/10.95 Auch der Operator $\OML/cmm/m/it/10.95 =$ \T1/phv/m/sl/10.95 darf nicht vorkommen, da man einen Quotienten immer als Produkt
 []


Overfull \hbox (4.90466pt too wide) in paragraph at lines 439--441
\T1/phv/m/n/10.95 Folgende Transformationen stellen die Grundlage eines jeden Algorithmus der automatischen
 []


Overfull \hbox (1.55429pt too wide) in paragraph at lines 446--451
\T1/phv/m/sl/10.95 Summe so werden die anderen Operanden der Multiplikation mit den Operanden der Summe
 []

[9] [10]
LaTeX Font Info:    Font shape `T1/phv/m/it' in size <8> not available
(Font)              Font shape `T1/phv/m/sl' tried instead on input line 541.
LaTeX Font Info:    Font shape `T1/phv/m/it' in size <6> not available
(Font)              Font shape `T1/phv/m/sl' tried instead on input line 541.

Overfull \hbox (1.17522pt too wide) in paragraph at lines 561--562
[][]\T1/phv/b/n/10.95 Definition 19. []\T1/phv/m/sl/10.95 Die numerischen Transformationen definieren, wie rationale Zahlen in Termen
 []

<./images//trees/difference/beispiel_1_1.png, id=254, 263.98625pt x 188.705pt>
File: ./images//trees/difference/beispiel_1_1.png Graphic file (type png)
<use ./images//trees/difference/beispiel_1_1.png>
Package pdftex.def Info: ./images//trees/difference/beispiel_1_1.png  used on input line 585.
(pdftex.def)             Requested size: 105.59262pt x 75.48065pt.
<./images//trees/difference/beispiel_1_2.png, id=255, 263.98625pt x 186.6975pt>
File: ./images//trees/difference/beispiel_1_2.png Graphic file (type png)
<use ./images//trees/difference/beispiel_1_2.png>
Package pdftex.def Info: ./images//trees/difference/beispiel_1_2.png  used on input line 590.
(pdftex.def)             Requested size: 105.59262pt x 74.67767pt.

Overfull \hbox (2.3214pt too wide) in paragraph at lines 583--593
[]$[]$ $[]$ 
 []


LaTeX Warning: `h' float specifier changed to `ht'.

<./images//trees/difference/beispiel_1_3.png, id=256, 126.4725pt x 186.6975pt>
File: ./images//trees/difference/beispiel_1_3.png Graphic file (type png)
<use ./images//trees/difference/beispiel_1_3.png>
Package pdftex.def Info: ./images//trees/difference/beispiel_1_3.png  used on input line 596.
(pdftex.def)             Requested size: 50.58809pt x 74.67767pt.

LaTeX Warning: `h' float specifier changed to `ht'.


Overfull \hbox (5.7701pt too wide) in paragraph at lines 599--601
\T1/phv/m/sl/10.95 wird zuerst in eine Summe umgeschrieben und dann duch den Algorithmus zur Vereinfachung
 []

<./images//trees/division/beispiel_1_1.png, id=258, 261.97874pt x 184.69pt>
File: ./images//trees/division/beispiel_1_1.png Graphic file (type png)
<use ./images//trees/division/beispiel_1_1.png>
Package pdftex.def Info: ./images//trees/division/beispiel_1_1.png  used on input line 611.
(pdftex.def)             Requested size: 104.78964pt x 73.87468pt.
<./images//trees/division/beispiel_1_2.png, id=259, 331.2375pt x 293.095pt>
File: ./images//trees/division/beispiel_1_2.png Graphic file (type png)
<use ./images//trees/division/beispiel_1_2.png>
Package pdftex.def Info: ./images//trees/division/beispiel_1_2.png  used on input line 616.
(pdftex.def)             Requested size: 132.49265pt x 117.23592pt.

Overfull \hbox (2.3214pt too wide) in paragraph at lines 609--619
[]$[]$ $[]$ 
 []

[11] [12 <./images//trees/difference/beispiel_1_1.png> <./images//trees/difference/beispiel_1_2.png> <./images//trees/difference/beispiel_1_3.png> <./images//trees/division/beispiel_1_1.png> <./images//trees/division/beispiel_1_2.png>]
<./images//trees/power/beispiel_1_1.png, id=304, 330.23375pt x 294.09875pt>
File: ./images//trees/power/beispiel_1_1.png Graphic file (type png)
<use ./images//trees/power/beispiel_1_1.png>
Package pdftex.def Info: ./images//trees/power/beispiel_1_1.png  used on input line 644.
(pdftex.def)             Requested size: 132.09114pt x 117.6374pt.
<./images//trees/power/beispiel_1_2.png, id=305, 259.97125pt x 188.705pt>
File: ./images//trees/power/beispiel_1_2.png Graphic file (type png)
<use ./images//trees/power/beispiel_1_2.png>
Package pdftex.def Info: ./images//trees/power/beispiel_1_2.png  used on input line 649.
(pdftex.def)             Requested size: 103.98665pt x 75.48065pt.

Overfull \hbox (2.3214pt too wide) in paragraph at lines 642--652
[]$[]$ $[]$ 
 []

<./images//trees/power/beispiel_2_1.png, id=306, 332.24126pt x 294.09875pt>
File: ./images//trees/power/beispiel_2_1.png Graphic file (type png)
<use ./images//trees/power/beispiel_2_1.png>
Package pdftex.def Info: ./images//trees/power/beispiel_2_1.png  used on input line 662.
(pdftex.def)             Requested size: 132.89413pt x 117.6374pt.
<./images//trees/power/beispiel_2_2.png, id=307, 264.99pt x 190.7125pt>
File: ./images//trees/power/beispiel_2_2.png Graphic file (type png)
<use ./images//trees/power/beispiel_2_2.png>
Package pdftex.def Info: ./images//trees/power/beispiel_2_2.png  used on input line 667.
(pdftex.def)             Requested size: 105.99411pt x 76.28363pt.

Overfull \hbox (2.3214pt too wide) in paragraph at lines 660--670
[]$[]$ $[]$ 
 []

<./images//trees/power/beispiel_3_1.png, id=308, 330.23375pt x 295.1025pt>
File: ./images//trees/power/beispiel_3_1.png Graphic file (type png)
<use ./images//trees/power/beispiel_3_1.png>
Package pdftex.def Info: ./images//trees/power/beispiel_3_1.png  used on input line 678.
(pdftex.def)             Requested size: 132.09114pt x 118.0389pt.
<./images//trees/power/beispiel_3_2.png, id=309, 531.9875pt x 293.095pt>
File: ./images//trees/power/beispiel_3_2.png Graphic file (type png)
<use ./images//trees/power/beispiel_3_2.png>
Package pdftex.def Info: ./images//trees/power/beispiel_3_2.png  used on input line 683.
(pdftex.def)             Requested size: 212.79123pt x 117.23592pt.

Overfull \hbox (2.3214pt too wide) in paragraph at lines 676--686
[]$[]$ $[]$ 
 []


Overfull \hbox (17.53073pt too wide) in paragraph at lines 692--694
\T1/phv/m/n/10.95 Ein Produkt wird vereinfacht, indem die folgenden Transformationen in genau dieser Reihenfolge
 []

[13 <./images//trees/power/beispiel_1_1.png> <./images//trees/power/beispiel_1_2.png> <./images//trees/power/beispiel_2_1.png> <./images//trees/power/beispiel_2_2.png> <./images//trees/power/beispiel_3_1.png> <./images//trees/power/beispiel_3_2.png>]
Overfull \hbox (4.316pt too wide) in paragraph at lines 697--699
[]\T1/phv/m/n/10.95 Gleiche Terme werden miteinander multipliziert: Anwendung der Potenz-Transformation
 []

<./images//trees/product/beispiel_1_1.png, id=334, 456.20438pt x 304.13625pt>
File: ./images//trees/product/beispiel_1_1.png Graphic file (type png)
<use ./images//trees/product/beispiel_1_1.png>
Package pdftex.def Info: ./images//trees/product/beispiel_1_1.png  used on input line 707.
(pdftex.def)             Requested size: 205.29005pt x 136.86003pt.
<./images//trees/product/beispiel_1_2.png, id=335, 454.69875pt x 223.58531pt>
File: ./images//trees/product/beispiel_1_2.png Graphic file (type png)
<use ./images//trees/product/beispiel_1_2.png>
Package pdftex.def Info: ./images//trees/product/beispiel_1_2.png  used on input line 712.
(pdftex.def)             Requested size: 204.61253pt x 100.61244pt.

Overfull \hbox (2.3214pt too wide) in paragraph at lines 705--715
[]$[]$ $[]$ 
 []

<./images//trees/product/beispiel_1_3.png, id=336, 249.18094pt x 219.82124pt>
File: ./images//trees/product/beispiel_1_3.png Graphic file (type png)
<use ./images//trees/product/beispiel_1_3.png>
Package pdftex.def Info: ./images//trees/product/beispiel_1_3.png  used on input line 719.
(pdftex.def)             Requested size: 124.59015pt x 109.91034pt.

Overfull \hbox (23.60806pt too wide) in paragraph at lines 730--732
\T1/phv/m/n/10.95 Eine Summe wird vereinfacht, indem die folgenden Transformationen in genau dieser Reihenfolge
 []

[14 <./images//trees/product/beispiel_1_3.png> <./images//trees/product/beispiel_1_1.png> <./images//trees/product/beispiel_1_2.png>] [15] (main.aux)
Package rerunfilecheck Info: File `main.out' has not changed.
(rerunfilecheck)             Checksum: ACA6BCA4FAFFE341478A580401B9A2C2;3817.
runsystem(rm main.pyg)...executed.

 ) 
Here is how much of TeX's memory you used:
 16384 strings out of 479778
 292233 string characters out of 2873215
 639353 words of memory out of 3000000
 34630 multiletter control sequences out of 15000+600000
 511254 words of font info for 76 fonts, out of 8000000 for 9000
 13 hyphenation exceptions out of 8191
 75i,10n,81p,555b,801s stack positions out of 10000i,1000n,20000p,200000b,80000s
 </Users/simon/Library/Application Support/MiKTeX/texmfs/data/fonts/pk/ljfour/jknappen/ec/dpi600/ectt1095.pk> </Users/simon/Library/Application Support/MiKTeX/texmfs/data/fonts/pk/ljfour/jknappen/ec/dpi600/ecti1095.pk>{/Users/simon/Library/Application Support/MiKTeX/texmfs/install/fonts/enc/dvips/base/8r.enc}</Users/simon/Library/Application Support/MiKTeX/texmfs/install/fonts/type1/public/amsfonts/cm/cmbx10.pfb></Users/simon/Library/Application Support/MiKTeX/texmfs/install/fonts/type1/public/amsfonts/cm/cmex10.pfb></Users/simon/Library/Application Support/MiKTeX/texmfs/install/fonts/type1/public/amsfonts/cm/cmmi10.pfb></Users/simon/Library/Application Support/MiKTeX/texmfs/install/fonts/type1/public/amsfonts/cm/cmmi8.pfb></Users/simon/Library/Application Support/MiKTeX/texmfs/install/fonts/type1/public/amsfonts/cm/cmr10.pfb></Users/simon/Library/Application Support/MiKTeX/texmfs/install/fonts/type1/public/amsfonts/cm/cmr8.pfb></Users/simon/Library/Application Support/MiKTeX/texmfs/install/fonts/type1/public/amsfonts/cm/cmsy10.pfb></Users/simon/Library/Application Support/MiKTeX/texmfs/install/fonts/type1/public/amsfonts/cm/cmsy8.pfb></Users/simon/Library/Application Support/MiKTeX/texmfs/install/fonts/type1/urw/helvetic/uhvb8a.pfb></Users/simon/Library/Application Support/MiKTeX/texmfs/install/fonts/type1/urw/helvetic/uhvbo8a.pfb></Users/simon/Library/Application Support/MiKTeX/texmfs/install/fonts/type1/urw/helvetic/uhvr8a.pfb></Users/simon/Library/Application Support/MiKTeX/texmfs/install/fonts/type1/urw/helvetic/uhvro8a.pfb>
Output written on main.pdf (15 pages, 595864 bytes).
PDF statistics:
 516 PDF objects out of 1000 (max. 8388607)
 139 named destinations out of 1000 (max. 500000)
 285 words of extra memory for PDF output out of 10000 (max. 10000000)

